# JRE version: OpenJDK Runtime Environment (8.0_202-b03) (build 1.8.0_202-release-1483-b03)
# Java VM: OpenJDK 64-Bit Server VM (25.202-b03 mixed mode windows-amd64 compressed oops)
Heap:
 PSYoungGen      total 265728K, used 60275K [0x00000000e0000000, 0x00000000f9780000, 0x0000000100000000)
  eden space 226304K, 26% used [0x00000000e0000000,0x00000000e3adcd90,0x00000000edd00000)
  from space 39424K, 0% used [0x00000000edd00000,0x00000000edd00000,0x00000000f0380000)
  to   space 81920K, 0% used [0x00000000f4780000,0x00000000f4780000,0x00000000f9780000)
 ParOldGen       total 182272K, used 137775K [0x00000000a0000000, 0x00000000ab200000, 0x00000000e0000000)
  object space 182272K, 75% used [0x00000000a0000000,0x00000000a868bc50,0x00000000ab200000)
 Metaspace       used 93569K, capacity 99721K, committed 100940K, reserved 1136640K
  class space    used 11805K, capacity 12838K, committed 13184K, reserved 1048576K
GC Heap History (10 events):
Event: 8802.294 GC heap before
{Heap before GC invocations=52 (full 4):
 PSYoungGen      total 242688K, used 215949K [0x00000000e0000000, 0x00000000f2380000, 0x0000000100000000)
  eden space 200704K, 99% used [0x00000000e0000000,0x00000000ec3ff5f8,0x00000000ec400000)
  from space 41984K, 36% used [0x00000000ec400000,0x00000000ed2e40a0,0x00000000eed00000)
  to   space 40960K, 0% used [0x00000000efb80000,0x00000000efb80000,0x00000000f2380000)
 ParOldGen       total 182272K, used 67418K [0x00000000a0000000, 0x00000000ab200000, 0x00000000e0000000)
  object space 182272K, 36% used [0x00000000a0000000,0x00000000a41d6a10,0x00000000ab200000)
 Metaspace       used 93733K, capacity 100345K, committed 100684K, reserved 1136640K
  class space    used 11888K, capacity 13031K, committed 13184K, reserved 1048576K
Event: 8802.318 GC heap after
Heap after GC invocations=52 (full 4):
 PSYoungGen      total 253440K, used 22655K [0x00000000e0000000, 0x00000000f2080000, 0x0000000100000000)
  eden space 215552K, 0% used [0x00000000e0000000,0x00000000e0000000,0x00000000ed280000)
  from space 37888K, 59% used [0x00000000efb80000,0x00000000f119fc10,0x00000000f2080000)
  to   space 39936K, 0% used [0x00000000ed280000,0x00000000ed280000,0x00000000ef980000)
 ParOldGen       total 182272K, used 67426K [0x00000000a0000000, 0x00000000ab200000, 0x00000000e0000000)
  object space 182272K, 36% used [0x00000000a0000000,0x00000000a41d8a10,0x00000000ab200000)
 Metaspace       used 93733K, capacity 100345K, committed 100684K, reserved 1136640K
  class space    used 11888K, capacity 13031K, committed 13184K, reserved 1048576K
}
Event: 8905.593 GC heap before
{Heap before GC invocations=53 (full 4):
 PSYoungGen      total 253440K, used 238207K [0x00000000e0000000, 0x00000000f2080000, 0x0000000100000000)
  eden space 215552K, 100% used [0x00000000e0000000,0x00000000ed280000,0x00000000ed280000)
  from space 37888K, 59% used [0x00000000efb80000,0x00000000f119fc10,0x00000000f2080000)
  to   space 39936K, 0% used [0x00000000ed280000,0x00000000ed280000,0x00000000ef980000)
 ParOldGen       total 182272K, used 67428K [0x00000000a0000000, 0x00000000ab200000, 0x00000000e0000000)
  object space 182272K, 36% used [0x00000000a0000000,0x00000000a41d90f0,0x00000000ab200000)
 Metaspace       used 93756K, capacity 100409K, committed 100684K, reserved 1136640K
  class space    used 11888K, capacity 13031K, committed 13184K, reserved 1048576K
Event: 8905.725 GC heap after
Heap after GC invocations=53 (full 4):
 PSYoungGen      total 255488K, used 16928K [0x00000000e0000000, 0x00000000f2a00000, 0x0000000100000000)
  eden space 215552K, 0% used [0x00000000e0000000,0x00000000e0000000,0x00000000ed280000)
  from space 39936K, 42% used [0x00000000ed280000,0x00000000ee3080c0,0x00000000ef980000)
  to   space 38400K, 0% used [0x00000000f0480000,0x00000000f0480000,0x00000000f2a00000)
 ParOldGen       total 182272K, used 67940K [0x00000000a0000000, 0x00000000ab200000, 0x00000000e0000000)
  object space 182272K, 37% used [0x00000000a0000000,0x00000000a42590f0,0x00000000ab200000)
 Metaspace       used 93756K, capacity 100409K, committed 100684K, reserved 1136640K
  class space    used 11888K, capacity 13031K, committed 13184K, reserved 1048576K
}
Event: 10343.575 GC heap before
{Heap before GC invocations=54 (full 4):
 PSYoungGen      total 255488K, used 232480K [0x00000000e0000000, 0x00000000f2a00000, 0x0000000100000000)
  eden space 215552K, 100% used [0x00000000e0000000,0x00000000ed280000,0x00000000ed280000)
  from space 39936K, 42% used [0x00000000ed280000,0x00000000ee3080c0,0x00000000ef980000)
  to   space 38400K, 0% used [0x00000000f0480000,0x00000000f0480000,0x00000000f2a00000)
 ParOldGen       total 182272K, used 67940K [0x00000000a0000000, 0x00000000ab200000, 0x00000000e0000000)
  object space 182272K, 37% used [0x00000000a0000000,0x00000000a42590f0,0x00000000ab200000)
 Metaspace       used 93836K, capacity 100549K, committed 100940K, reserved 1136640K
  class space    used 11889K, capacity 13033K, committed 13184K, reserved 1048576K
Event: 10343.799 GC heap after
Heap after GC invocations=54 (full 4):
 PSYoungGen      total 264704K, used 27678K [0x00000000e0000000, 0x00000000f2a00000, 0x0000000100000000)
  eden space 226304K, 0% used [0x00000000e0000000,0x00000000e0000000,0x00000000edd00000)
  from space 38400K, 72% used [0x00000000f0480000,0x00000000f1f87820,0x00000000f2a00000)
  to   space 39424K, 0% used [0x00000000edd00000,0x00000000edd00000,0x00000000f0380000)
 ParOldGen       total 182272K, used 68644K [0x00000000a0000000, 0x00000000ab200000, 0x00000000e0000000)
  object space 182272K, 37% used [0x00000000a0000000,0x00000000a43090f0,0x00000000ab200000)
 Metaspace       used 93836K, capacity 100549K, committed 100940K, reserved 1136640K
  class space    used 11889K, capacity 13033K, committed 13184K, reserved 1048576K
}
Event: 10347.343 GC heap before
{Heap before GC invocations=55 (full 4):
 PSYoungGen      total 264704K, used 252828K [0x00000000e0000000, 0x00000000f2a00000, 0x0000000100000000)
  eden space 226304K, 99% used [0x00000000e0000000,0x00000000edbdf9e0,0x00000000edd00000)
  from space 38400K, 72% used [0x00000000f0480000,0x00000000f1f87820,0x00000000f2a00000)
  to   space 39424K, 0% used [0x00000000edd00000,0x00000000edd00000,0x00000000f0380000)
 ParOldGen       total 182272K, used 68644K [0x00000000a0000000, 0x00000000ab200000, 0x00000000e0000000)
  object space 182272K, 37% used [0x00000000a0000000,0x00000000a43090f0,0x00000000ab200000)
 Metaspace       used 93865K, capacity 100561K, committed 100940K, reserved 1136640K
  class space    used 11889K, capacity 13033K, committed 13184K, reserved 1048576K
Event: 10347.720 GC heap after
Heap after GC invocations=55 (full 4):
 PSYoungGen      total 265728K, used 39415K [0x00000000e0000000, 0x00000000f9780000, 0x0000000100000000)
  eden space 226304K, 0% used [0x00000000e0000000,0x00000000e0000000,0x00000000edd00000)
  from space 39424K, 99% used [0x00000000edd00000,0x00000000f037de08,0x00000000f0380000)
  to   space 81920K, 0% used [0x00000000f4780000,0x00000000f4780000,0x00000000f9780000)
 ParOldGen       total 182272K, used 169850K [0x00000000a0000000, 0x00000000ab200000, 0x00000000e0000000)
  object space 182272K, 93% used [0x00000000a0000000,0x00000000aa5de9d8,0x00000000ab200000)
 Metaspace       used 93865K, capacity 100561K, committed 100940K, reserved 1136640K
  class space    used 11889K, capacity 13033K, committed 13184K, reserved 1048576K
}
Event: 10347.721 GC heap before
{Heap before GC invocations=56 (full 5):
 PSYoungGen      total 265728K, used 39415K [0x00000000e0000000, 0x00000000f9780000, 0x0000000100000000)
  eden space 226304K, 0% used [0x00000000e0000000,0x00000000e0000000,0x00000000edd00000)
  from space 39424K, 99% used [0x00000000edd00000,0x00000000f037de08,0x00000000f0380000)
  to   space 81920K, 0% used [0x00000000f4780000,0x00000000f4780000,0x00000000f9780000)
 ParOldGen       total 182272K, used 169850K [0x00000000a0000000, 0x00000000ab200000, 0x00000000e0000000)
  object space 182272K, 93% used [0x00000000a0000000,0x00000000aa5de9d8,0x00000000ab200000)
 Metaspace       used 93865K, capacity 100561K, committed 100940K, reserved 1136640K
  class space    used 11889K, capacity 13033K, committed 13184K, reserved 1048576K
Event: 10353.278 GC heap after
Heap after GC invocations=56 (full 5):
 PSYoungGen      total 265728K, used 0K [0x00000000e0000000, 0x00000000f9780000, 0x0000000100000000)
  eden space 226304K, 0% used [0x00000000e0000000,0x00000000e0000000,0x00000000edd00000)
  from space 39424K, 0% used [0x00000000edd00000,0x00000000edd00000,0x00000000f0380000)
  to   space 81920K, 0% used [0x00000000f4780000,0x00000000f4780000,0x00000000f9780000)
 ParOldGen       total 182272K, used 137775K [0x00000000a0000000, 0x00000000ab200000, 0x00000000e0000000)
  object space 182272K, 75% used [0x00000000a0000000,0x00000000a868bc50,0x00000000ab200000)
 Metaspace       used 93443K, capacity 99553K, committed 100940K, reserved 1136640K
  class space    used 11787K, capacity 12810K, committed 13184K, reserved 1048576K
}

